Build started 17/09/2011 15:30:28.
     1>Project "D:\Developpement\3DNovac\Samples\Tuto1\Tuto1\Tuto1.vcxproj" on node 2 (build target(s)).
     1>InitializeBuildStatus:
         Creating "Debug\Tuto1.unsuccessfulbuild" because "AlwaysCreate" was specified.
       ClCompile:
         All outputs are up-to-date.
       ManifestResourceCompile:
         All outputs are up-to-date.
       Link:
         C:\Program Files (x86)\Microsoft Visual Studio 10.0\VC\bin\link.exe /ERRORREPORT:PROMPT /OUT:"D:\Developpement\3DNovac\Samples\Tuto1\Debug\Tuto1.exe" /INCREMENTAL /NOLOGO /LIBPATH:D:\Developpement\3DNovac\extlibs /LIBPATH:D:\Developpement\3DNovac\lib\Debug "Nc-Core-s.lib" "Nc-Graphics-s.lib" libpng.lib freetype.lib freeglut.lib opengl32.lib glew32.lib glut32.lib kernel32.lib user32.lib gdi32.lib winspool.lib comdlg32.lib advapi32.lib shell32.lib ole32.lib oleaut32.lib uuid.lib odbc32.lib odbccp32.lib /MANIFEST /ManifestFile:"Debug\Tuto1.exe.intermediate.manifest" /MANIFESTUAC:"level='asInvoker' uiAccess='false'" /DEBUG /PDB:"D:\Developpement\3DNovac\Samples\Tuto1\Debug\Tuto1.pdb" /SUBSYSTEM:CONSOLE /TLBID:1 /DYNAMICBASE /NXCOMPAT /IMPLIB:"D:\Developpement\3DNovac\Samples\Tuto1\Debug\Tuto1.lib" /MACHINE:X86 Debug\Tuto1.exe.embed.manifest.res
         Debug\GameEngine.obj
         Debug\main.obj
       Manifest:
         C:\Program Files (x86)\Microsoft SDKs\Windows\v7.0A\bin\mt.exe /nologo /verbose /out:"Debug\Tuto1.exe.embed.manifest" /manifest Debug\Tuto1.exe.intermediate.manifest
         All outputs are up-to-date.
       LinkEmbedManifest:
         All outputs are up-to-date.
         Tuto1.vcxproj -> D:\Developpement\3DNovac\Samples\Tuto1\Debug\Tuto1.exe
       FinalizeBuildStatus:
         Deleting file "Debug\Tuto1.unsuccessfulbuild".
         Touching "Debug\Tuto1.lastbuildstate".
     1>Done Building Project "D:\Developpement\3DNovac\Samples\Tuto1\Tuto1\Tuto1.vcxproj" (build target(s)).

Build succeeded.

Time Elapsed 00:00:00.55
